TN:
SF:app.js
FN:17,(anonymous_0)
FN:22,(anonymous_1)
FNF:2
FNH:1
FNDA:0,(anonymous_0)
FNDA:2,(anonymous_1)
DA:1,1
DA:2,1
DA:3,1
DA:4,1
DA:6,1
DA:8,1
DA:11,1
DA:13,1
DA:17,1
DA:18,0
DA:22,1
DA:23,2
DA:24,2
DA:25,2
DA:26,2
DA:30,1
LF:16
LH:15
BRDA:23,0,0,2
BRDA:23,0,1,0
BRDA:25,1,0,0
BRDA:25,1,1,2
BRF:4
BRH:2
end_of_record
TN:
SF:expressError.js
FN:10,(anonymous_0)
FN:20,(anonymous_1)
FN:28,(anonymous_2)
FN:36,(anonymous_3)
FN:44,(anonymous_4)
FNF:5
FNH:2
FNDA:2,(anonymous_0)
FNDA:2,(anonymous_1)
FNDA:0,(anonymous_2)
FNDA:0,(anonymous_3)
FNDA:0,(anonymous_4)
DA:11,2
DA:12,2
DA:13,2
DA:21,2
DA:29,0
DA:37,0
DA:45,0
DA:49,1
LF:8
LH:5
BRDA:20,0,0,2
BRDA:28,1,0,0
BRDA:36,2,0,0
BRDA:44,3,0,0
BRF:4
BRH:1
end_of_record
TN:
SF:fakeDb.js
FNF:0
FNH:0
DA:1,1
DA:6,1
LF:2
LH:2
BRF:0
BRH:0
end_of_record
TN:
SF:itemRoutes.js
FN:11,(anonymous_0)
FN:16,(anonymous_1)
FN:17,(anonymous_2)
FN:30,(anonymous_3)
FN:42,(anonymous_4)
FN:44,(anonymous_5)
FN:55,(anonymous_6)
FN:60,(anonymous_7)
FNF:8
FNH:8
FNDA:1,(anonymous_0)
FNDA:2,(anonymous_1)
FNDA:3,(anonymous_2)
FNDA:1,(anonymous_3)
FNDA:2,(anonymous_4)
FNDA:3,(anonymous_5)
FNDA:2,(anonymous_6)
FNDA:3,(anonymous_7)
DA:3,1
DA:5,1
DA:6,1
DA:8,1
DA:11,1
DA:12,1
DA:16,1
DA:17,2
DA:18,3
DA:20,2
DA:21,1
DA:24,1
DA:26,1
DA:30,1
DA:31,1
DA:32,0
DA:34,1
DA:35,1
DA:38,1
DA:42,1
DA:44,2
DA:45,3
DA:47,2
DA:48,1
DA:51,1
DA:55,1
DA:56,2
DA:57,0
DA:60,2
DA:61,3
DA:63,2
DA:64,2
DA:66,2
DA:70,1
LF:34
LH:32
BRDA:20,0,0,1
BRDA:20,0,1,1
BRDA:31,1,0,0
BRDA:31,1,1,1
BRDA:47,2,0,1
BRDA:47,2,1,1
BRDA:56,3,0,0
BRDA:56,3,1,2
BRDA:63,4,0,2
BRDA:63,4,1,0
BRDA:64,5,0,2
BRDA:64,5,1,1
BRF:12
BRH:9
end_of_record
